<?xml version="1.0" encoding="UTF-8"?>
<!-- Generated by org.testng.reporters.JUnitXMLReporter -->
<testsuite ignored="0" hostname="LAPTOP-JC9LRVSN" failures="1" tests="1" name="Test" time="0.442" errors="0" timestamp="2020-11-11T00:58:20 MST">
  <testcase classname="BookingTestWithTestNG" name="demo" time="0.379">
    <failure type="java.lang.IllegalStateException" message="The driver executable does not exist: C:\Users\Kasthuri\eclipse-workspace\BookingTestWithTestNG\.chromedriver_86.exe">
      <![CDATA[java.lang.IllegalStateException: The driver executable does not exist: C:\Users\Kasthuri\eclipse-workspace\BookingTestWithTestNG\.chromedriver_86.exe
at com.google.common.base.Preconditions.checkState(Preconditions.java:585)
at org.openqa.selenium.remote.service.DriverService.checkExecutable(DriverService.java:146)
at org.openqa.selenium.remote.service.DriverService.findExecutable(DriverService.java:141)
at org.openqa.selenium.chrome.ChromeDriverService.access$000(ChromeDriverService.java:35)
at org.openqa.selenium.chrome.ChromeDriverService$Builder.findDefaultExecutable(ChromeDriverService.java:159)
at org.openqa.selenium.remote.service.DriverService$Builder.build(DriverService.java:355)
at org.openqa.selenium.chrome.ChromeDriverService.createDefaultService(ChromeDriverService.java:94)
at org.openqa.selenium.chrome.ChromeDriver.<init>(ChromeDriver.java:123)
at BookingTestWithTestNG.demo(BookingTestWithTestNG.java:16)
at java.base/java.util.ArrayList.forEach(ArrayList.java:1511)
... Removed 27 stack frames]]>
    </failure>
  </testcase> <!-- demo -->
</testsuite> <!-- Test -->
